Build at: 2026-01-28T09:25:25.597Z - Hash: bf1fb1363c7f2812 - Time: 7462ms

× Failed to compile.

./core-ui-admin-library/src/lib/data/data.module.ts:13:0-80 - Error: Module not found: Error: Can't resolve './repositories/daily-jobs/daily-jobs.service' in 'D:\SalaryCaptureFronted\SalaryCapture_Frontend\core-ui-admin-library\src\lib\data'

./core-ui-admin-library/src/lib/presentation/settings/syncing/syncing.component.ts:15:0-90 - Error: Module not found: Error: Can't resolve '../deadline-periods/deadline-periods.component' in 'D:\SalaryCaptureFronted\SalaryCapture_Frontend\core-ui-admin-library\src\lib\presentation\settings\syncing'

./core-ui-admin-library/src/lib/presentation/settings/syncing/syncing.component.ts:16:0-124 - Error: Module not found: Error: Can't resolve '../deadline-periods/upload-deadline-period/upload-deadline-period.component' in 'D:\SalaryCaptureFronted\SalaryCapture_Frontend\core-ui-admin-library\src\lib\presentation\settings\syncing'

Error: core-ui-admin-library/src/lib/core/domain/models/index.ts:2:15 - error TS2307: Cannot find module './Salary/salary.model' or its corresponding type declarations.

2 export * from './Salary/salary.model'
                ~~~~~~~~~~~~~~~~~~~~~~~


Error: core-ui-admin-library/src/lib/core/domain/models/index.ts:4:15 - error TS2307: Cannot find module './SalaryLine/salary-line-options.model' or its corresponding type declarations.

4 export * from './SalaryLine/salary-line-options.model';
                ~~~~~~~~~~~~~~~~~~~~~~~~~~~~~~~~~~~~~~~~


Error: core-ui-admin-library/src/lib/core/domain/models/index.ts:6:15 - error TS2307: Cannot find module './SalaryLine/salary-line-duration.model' or its corresponding type declarations.

6 export * from './SalaryLine/salary-line-duration.model'
                ~~~~~~~~~~~~~~~~~~~~~~~~~~~~~~~~~~~~~~~~~


Error: core-ui-admin-library/src/lib/data/data.module.ts:14:34 - error TS2307: Cannot find module './repositories/daily-jobs/daily-jobs.service' or its corresponding type declarations.

14 import { DailyJobsService } from './repositories/daily-jobs/daily-jobs.service';
                                    ~~~~~~~~~~~~~~~~~~~~~~~~~~~~~~~~~~~~~~~~~~~~~~


Error: core-ui-admin-library/src/lib/presentation/settings/syncing/syncing.component.ts:17:42 - error TS2307: Cannot find module '../deadline-periods/deadline-periods.component' or its corresponding type declarations.

17 import { DeadlinePeriodsComponent } from '../deadline-periods/deadline-periods.component';
                                            ~~~~~~~~~~~~~~~~~~~~~~~~~~~~~~~~~~~~~~~~~~~~~~~~


Error: core-ui-admin-library/src/lib/presentation/settings/syncing/syncing.component.ts:18:47 - error TS2307: Cannot find module '../deadline-periods/upload-deadline-period/upload-deadline-period.component' or its corresponding type declarations.

18 import { UploadDeadlinePeriodComponent } from '../deadline-periods/upload-deadline-period/upload-deadline-period.component';
                                                 ~~~~~~~~~~~~~~~~~~~~~~~~~~~~~~~~~~~~~~~~~~~~~~~~~~~~~~~~~~~~~~~~~~~~~~~~~~~~~


Error: core-ui-admin-library/src/lib/presentation/settings/syncing/syncing.component.ts:30:145 - error NG1010: 'imports' must be an array of components, directives, pipes, or NgModules.
  Value could not be determined statically.

30   imports: [CommonModule, CheckboxModule, FileUploadModule, BreadcrumbModule, TabViewModule, AccordionModule, FormsModule, ReactiveFormsModule, DeadlinePeriodsComponent, TabsModule, ButtonModule, ProgressLoadingComponent],
                                                                                                                                                   ~~~~~~~~~~~~~~~~~~~~~~~~

  core-ui-admin-library/src/lib/presentation/settings/syncing/syncing.component.ts:30:145
    30   imports: [CommonModule, CheckboxModule, FileUploadModule, BreadcrumbModule, TabViewModule, AccordionModule, FormsModule, ReactiveFormsModule, DeadlinePeriodsComponent, TabsModule, ButtonModule, ProgressLoadingComponent],
                                                                                                                                                       ~~~~~~~~~~~~~~~~~~~~~~~~
    Unknown reference.



√ Browser application bundle generation complete.

Initial chunk files                                                                                     | Names                            |  Raw size
runtime.js                                                                                              | runtime                          |  12.95 kB |

Lazy chunk files                                                                                        | Names                            |  Raw size
default-core-ui-admin-library_src_lib_presentation_layout_header_header_component_ts-core-ui--592227.js | embrace-it-admin-library         |   1.11 MB |
core-ui-admin-library_src_lib_presentation_settings_syncing_syncing_component_ts-node_modules-1da2af.js | syncing-syncing-component        | 141.09 kB |
core-ui-admin-library_src_index_ts.js                                                                   | embrace-it-admin-library         |  41.39 kB |
core-ui-admin-library_src_lib_presentation_presentation_routes_ts.js                                    | presentation-presentation-routes |  10.28 kB |
core-ui-admin-library_src_lib_presentation_settings_settings_routes_ts.js                               | settings-settings-routes         |   1.99 kB |

27 unchanged chunks

Build at: 2026-01-28T09:25:29.195Z - Hash: 385901dfb39cc2d7 - Time: 3487ms

./core-ui-admin-library/src/lib/presentation/settings/syncing/syncing.component.ts:15:0-90 - Error: Module not found: Error: Can't resolve '../deadline-periods/deadline-periods.component' in 'D:\SalaryCaptureFronted\SalaryCapture_Frontend\core-ui-admin-library\src\lib\presentation\settings\syncing'

./core-ui-admin-library/src/lib/presentation/settings/syncing/syncing.component.ts:16:0-124 - Error: Module not found: Error: Can't resolve '../deadline-periods/upload-deadline-period/upload-deadline-period.component' in 'D:\SalaryCaptureFronted\SalaryCapture_Frontend\core-ui-admin-library\src\lib\presentation\settings\syncing'

Error: core-ui-admin-library/src/lib/presentation/settings/syncing/syncing.component.ts:17:42 - error TS2307: Cannot find module '../deadline-periods/deadline-periods.component' or its corresponding type declarations.

17 import { DeadlinePeriodsComponent } from '../deadline-periods/deadline-periods.component';
                                            ~~~~~~~~~~~~~~~~~~~~~~~~~~~~~~~~~~~~~~~~~~~~~~~~


Error: core-ui-admin-library/src/lib/presentation/settings/syncing/syncing.component.ts:18:47 - error TS2307: Cannot find module '../deadline-periods/upload-deadline-period/upload-deadline-period.component' or its corresponding type declarations.

18 import { UploadDeadlinePeriodComponent } from '../deadline-periods/upload-deadline-period/upload-deadline-period.component';
                                                 ~~~~~~~~~~~~~~~~~~~~~~~~~~~~~~~~~~~~~~~~~~~~~~~~~~~~~~~~~~~~~~~~~~~~~~~~~~~~~


Error: core-ui-admin-library/src/lib/presentation/settings/syncing/syncing.component.ts:38:5 - error NG1010: 'imports' must be an array of components, directives, pipes, or NgModules.
  Value could not be determined statically.

38     DeadlinePeriodsComponent,
       ~~~~~~~~~~~~~~~~~~~~~~~~

  core-ui-admin-library/src/lib/presentation/settings/syncing/syncing.component.ts:38:5
    38     DeadlinePeriodsComponent,
           ~~~~~~~~~~~~~~~~~~~~~~~~
    Unknown reference.




× Failed to compile.