Build at: 2026-01-28T09:25:29.195Z - Hash: 385901dfb39cc2d7 - Time: 3487ms

./core-ui-admin-library/src/lib/presentation/settings/syncing/syncing.component.ts:15:0-90 - Error: Module not found: Error: Can't resolve '../deadline-periods/deadline-periods.component' in 'D:\SalaryCaptureFronted\SalaryCapture_Frontend\core-ui-admin-library\src\lib\presentation\settings\syncing'

./core-ui-admin-library/src/lib/presentation/settings/syncing/syncing.component.ts:16:0-124 - Error: Module not found: Error: Can't resolve '../deadline-periods/upload-deadline-period/upload-deadline-period.component' in 'D:\SalaryCaptureFronted\SalaryCapture_Frontend\core-ui-admin-library\src\lib\presentation\settings\syncing'

Error: core-ui-admin-library/src/lib/presentation/settings/syncing/syncing.component.ts:17:42 - error TS2307: Cannot find module '../deadline-periods/deadline-periods.component' or its corresponding type declarations.

17 import { DeadlinePeriodsComponent } from '../deadline-periods/deadline-periods.component';
                                            ~~~~~~~~~~~~~~~~~~~~~~~~~~~~~~~~~~~~~~~~~~~~~~~~


Error: core-ui-admin-library/src/lib/presentation/settings/syncing/syncing.component.ts:18:47 - error TS2307: Cannot find module '../deadline-periods/upload-deadline-period/upload-deadline-period.component' or its corresponding type declarations.

18 import { UploadDeadlinePeriodComponent } from '../deadline-periods/upload-deadline-period/upload-deadline-period.component';
                                                 ~~~~~~~~~~~~~~~~~~~~~~~~~~~~~~~~~~~~~~~~~~~~~~~~~~~~~~~~~~~~~~~~~~~~~~~~~~~~~


Error: core-ui-admin-library/src/lib/presentation/settings/syncing/syncing.component.ts:38:5 - error NG1010: 'imports' must be an array of components, directives, pipes, or NgModules.
  Value could not be determined statically.

38     DeadlinePeriodsComponent,
       ~~~~~~~~~~~~~~~~~~~~~~~~

  core-ui-admin-library/src/lib/presentation/settings/syncing/syncing.component.ts:38:5
    38     DeadlinePeriodsComponent,
           ~~~~~~~~~~~~~~~~~~~~~~~~
    Unknown reference.




Ã— Failed to compile.
